<?xml version="1.0" encoding="UTF-8"?>
<!-- Generated by org.testng.reporters.JUnitReportReporter -->
<testsuite hostname="XSC-10261-RAJESHWARI" failures="0" tests="2" name="test.four" time="0.112" errors="1" timestamp="2023-11-01T14:36:18 IST" skipped="1">
  <testcase classname="test.four" name="setup" time="0.112">
    <error message="Could not start a new session. Unable to parse remote response: &lt;!DOCTYPE html&gt;
&lt;html lang=&quot;en&quot;&gt;
&lt;head&gt;
  &lt;meta charset=&quot;UTF-8&quot;&gt;
  &lt;link rel=&quot;stylesheet&quot; type=&quot;text/css&quot; href=&quot;/assets/displayhelpservlet.css&quot; media=&quot;all&quot;/&gt;
  &lt;link href=&quot;/assets/favicon.ico&quot; rel=&quot;icon&quot; type=&quot;image/x-icon&quot; /&gt;
  &lt;script src=&quot;/assets/jquery-3.1.1.min.js&quot; type=&quot;text/javascript&quot;&gt;&lt;/script&gt;
  &lt;script src=&quot;/assets/displayhelpservlet.js&quot; type=&quot;text/javascript&quot;&gt;&lt;/script&gt;
  &lt;script type=&quot;text/javascript&quot;&gt;
    var json = Object.freeze(&#039;{&quot;consoleLink&quot;: &quot;\u002fgrid\u002fconsole&quot;,&quot;type&quot;: &quot;Grid Hub&quot;,&quot;class&quot;: &quot;org.openqa.grid.web.servlet.DisplayHelpHandler$DisplayHelpServletConfig&quot;,&quot;version&quot;: &quot;3.141.59&quot;}&#039;);
  &lt;/script&gt;
&lt;/head&gt;
&lt;body&gt;

&lt;div id=&quot;content&quot;&gt;
  &lt;div id=&quot;help-heading&quot;&gt;
    &lt;h1&gt;&lt;span id=&quot;logo&quot;&gt;&lt;/span&gt;&lt;/h1&gt;
    &lt;h2&gt;Selenium &lt;span class=&quot;se-type&quot;&gt;&lt;/span&gt;&amp;nbsp;v.&lt;span class=&quot;se-version&quot;&gt;&lt;/span&gt;&lt;/h2&gt;
  &lt;/div&gt;

  &lt;div id=&quot;content-body&quot;&gt;
    &lt;p&gt;
      Whoops! The URL specified routes to this help page.
    &lt;/p&gt;
    &lt;p&gt;
      For more information about Selenium &lt;span class=&quot;se-type&quot;&gt;&lt;/span&gt; please see the
      &lt;a class=&quot;se-docs&quot;&gt;docs&lt;/a&gt; and/or visit the &lt;a class=&quot;se-wiki&quot;&gt;wiki&lt;/a&gt;.
      &lt;span id=&quot;console-item&quot;&gt;
        Or perhaps you are looking for the Selenium &lt;span class=&quot;se-type&quot;&gt;&lt;/span&gt; &lt;a class=&quot;se-console&quot;&gt;console&lt;/a&gt;.
      &lt;/span&gt;
    &lt;/p&gt;
    &lt;p&gt;
      Happy Testing!
    &lt;/p&gt;
  &lt;/div&gt;

  &lt;div&gt;
    &lt;footer id=&quot;help-footer&quot;&gt;
      Selenium is made possible through the efforts of our open source community, contributions from
      these &lt;a href=&quot;https://github.com/SeleniumHQ/selenium/blob/master/AUTHORS&quot;&gt;people&lt;/a&gt;, and our
      &lt;a href=&quot;http://www.seleniumhq.org/sponsors/&quot;&gt;sponsors&lt;/a&gt;.
   &lt;/footer&gt;
  &lt;/div&gt;
 &lt;/div&gt;

&lt;/body&gt;
&lt;/html&gt;" type="org.openqa.selenium.SessionNotCreatedException">
      <![CDATA[org.openqa.selenium.SessionNotCreatedException: Could not start a new session. Unable to parse remote response: <!DOCTYPE html>
<html lang="en">
<head>
  <meta charset="UTF-8">
  <link rel="stylesheet" type="text/css" href="/assets/displayhelpservlet.css" media="all"/>
  <link href="/assets/favicon.ico" rel="icon" type="image/x-icon" />
  <script src="/assets/jquery-3.1.1.min.js" type="text/javascript"></script>
  <script src="/assets/displayhelpservlet.js" type="text/javascript"></script>
  <script type="text/javascript">
    var json = Object.freeze('{"consoleLink": "\u002fgrid\u002fconsole","type": "Grid Hub","class": "org.openqa.grid.web.servlet.DisplayHelpHandler$DisplayHelpServletConfig","version": "3.141.59"}');
  </script>
</head>
<body>

<div id="content">
  <div id="help-heading">
    <h1><span id="logo"></span></h1>
    <h2>Selenium <span class="se-type"></span>&nbsp;v.<span class="se-version"></span></h2>
  </div>

  <div id="content-body">
    <p>
      Whoops! The URL specified routes to this help page.
    </p>
    <p>
      For more information about Selenium <span class="se-type"></span> please see the
      <a class="se-docs">docs</a> and/or visit the <a class="se-wiki">wiki</a>.
      <span id="console-item">
        Or perhaps you are looking for the Selenium <span class="se-type"></span> <a class="se-console">console</a>.
      </span>
    </p>
    <p>
      Happy Testing!
    </p>
  </div>

  <div>
    <footer id="help-footer">
      Selenium is made possible through the efforts of our open source community, contributions from
      these <a href="https://github.com/SeleniumHQ/selenium/blob/master/AUTHORS">people</a>, and our
      <a href="http://www.seleniumhq.org/sponsors/">sponsors</a>.
   </footer>
  </div>
 </div>

</body>
</html>
at org.openqa.selenium.remote.ProtocolHandshake.createSession(ProtocolHandshake.java:112)
at org.openqa.selenium.remote.ProtocolHandshake.createSession(ProtocolHandshake.java:84)
at org.openqa.selenium.remote.ProtocolHandshake.createSession(ProtocolHandshake.java:62)
at org.openqa.selenium.remote.HttpCommandExecutor.execute(HttpCommandExecutor.java:156)
at org.openqa.selenium.remote.TracedCommandExecutor.execute(TracedCommandExecutor.java:51)
at org.openqa.selenium.remote.RemoteWebDriver.execute(RemoteWebDriver.java:558)
at org.openqa.selenium.remote.RemoteWebDriver.startSession(RemoteWebDriver.java:245)
at org.openqa.selenium.remote.RemoteWebDriver.<init>(RemoteWebDriver.java:161)
at org.openqa.selenium.remote.RemoteWebDriver.<init>(RemoteWebDriver.java:143)
at base.Base.initializeBrowser(Base.java:39)
at test.four.setup(four.java:27)
at java.base/jdk.internal.reflect.DirectMethodHandleAccessor.invoke(DirectMethodHandleAccessor.java:104)
at java.base/java.lang.reflect.Method.invoke(Method.java:578)
at org.testng.internal.invokers.MethodInvocationHelper.invokeMethod(MethodInvocationHelper.java:135)
at org.testng.internal.invokers.MethodInvocationHelper.invokeMethodConsideringTimeout(MethodInvocationHelper.java:65)
at org.testng.internal.invokers.ConfigInvoker.invokeConfigurationMethod(ConfigInvoker.java:381)
at org.testng.internal.invokers.ConfigInvoker.invokeConfigurations(ConfigInvoker.java:319)
at org.testng.internal.invokers.TestInvoker.runConfigMethods(TestInvoker.java:803)
at org.testng.internal.invokers.TestInvoker.invokeMethod(TestInvoker.java:589)
at org.testng.internal.invokers.TestInvoker.invokeTestMethod(TestInvoker.java:220)
at org.testng.internal.invokers.MethodRunner.runInSequence(MethodRunner.java:50)
at org.testng.internal.invokers.TestInvoker$MethodInvocationAgent.invoke(TestInvoker.java:945)
at org.testng.internal.invokers.TestInvoker.invokeTestMethods(TestInvoker.java:193)
at org.testng.internal.invokers.TestMethodWorker.invokeTestMethods(TestMethodWorker.java:146)
at org.testng.internal.invokers.TestMethodWorker.run(TestMethodWorker.java:128)
at java.base/java.util.ArrayList.forEach(ArrayList.java:1511)
at org.testng.TestRunner.privateRun(TestRunner.java:808)
at org.testng.TestRunner.run(TestRunner.java:603)
at org.testng.SuiteRunner.runTest(SuiteRunner.java:429)
at org.testng.SuiteRunner.runSequentially(SuiteRunner.java:423)
at org.testng.SuiteRunner.privateRun(SuiteRunner.java:383)
at org.testng.SuiteRunner.run(SuiteRunner.java:326)
at org.testng.SuiteRunnerWorker.runSuite(SuiteRunnerWorker.java:52)
at org.testng.SuiteRunnerWorker.run(SuiteRunnerWorker.java:95)
at org.testng.TestNG.runSuitesSequentially(TestNG.java:1249)
at org.testng.TestNG.runSuitesLocally(TestNG.java:1169)
at org.testng.TestNG.runSuites(TestNG.java:1092)
at org.testng.TestNG.run(TestNG.java:1060)
at org.testng.remote.AbstractRemoteTestNG.run(AbstractRemoteTestNG.java:115)
at org.testng.remote.RemoteTestNG.initAndRun(RemoteTestNG.java:251)
at org.testng.remote.RemoteTestNG.main(RemoteTestNG.java:77)
Caused by: org.openqa.selenium.json.JsonException: Unable to parse: <!DOCTYPE html>
<html lang="en">
<head>
  <meta charset="UTF-8">
  <link rel="stylesheet" type="text/css" href="/assets/displayhelpservlet.css" media="all"/>
  <link href="/assets/favicon.ico" rel="icon" type="image/x-icon" />
  <script src="/assets/jquery-3.1.1.min.js" type="text/javascript"></script>
  <script src="/assets/displayhelpservlet.js" type="text/javascript"></script>
  <script type="text/javascript">
    var json = Object.freeze('{"consoleLink": "\u002fgrid\u002fconsole","type": "Grid Hub","class": "org.openqa.grid.web.servlet.DisplayHelpHandler$DisplayHelpServletConfig","version": "3.141.59"}');
  </script>
</head>
<body>

<div id="content">
  <div id="help-heading">
    <h1><span id="logo"></span></h1>
    <h2>Selenium <span class="se-type"></span>&nbsp;v.<span class="se-version"></span></h2>
  </div>

  <div id="content-body">
    <p>
      Whoops! The URL specified routes to this help page.
    </p>
    <p>
      For more information about Selenium <span class="se-type"></span> please see the
      <a class="se-docs">docs</a> and/or visit the <a class="se-wiki">wiki</a>.
      <span id="console-item">
        Or perhaps you are looking for the Selenium <span class="se-type"></span> <a class="se-console">console</a>.
      </span>
    </p>
    <p>
      Happy Testing!
    </p>
  </div>

  <div>
    <footer id="help-footer">
      Selenium is made possible through the efforts of our open source community, contributions from
      these <a href="https://github.com/SeleniumHQ/selenium/blob/master/AUTHORS">people</a>, and our
      <a href="http://www.seleniumhq.org/sponsors/">sponsors</a>.
   </footer>
  </div>
 </div>

</body>
</html>
at org.openqa.selenium.json.Json.toType(Json.java:57)
at org.openqa.selenium.json.Json.toType(Json.java:50)
at org.openqa.selenium.remote.ProtocolHandshake.createSession(ProtocolHandshake.java:109)
... 40 more
Caused by: org.openqa.selenium.json.JsonException: Unable to determine type from: <. Last 1 characters read: <
Build info: version: '4.1.2', revision: '9a5a329c5a'
System info: host: 'XSC-10261-RAJES', ip: '192.168.10.26', os.name: 'Windows 10', os.arch: 'amd64', os.version: '10.0', java.version: '20.0.1'
Driver info: driver.version: RemoteWebDriver
at org.openqa.selenium.json.JsonInput.peek(JsonInput.java:126)
at org.openqa.selenium.json.JsonTypeCoercer.lambda$buildCoercer$6(JsonTypeCoercer.java:141)
at org.openqa.selenium.json.JsonTypeCoercer.coerce(JsonTypeCoercer.java:127)
at org.openqa.selenium.json.Json.toType(Json.java:71)
at org.openqa.selenium.json.Json.toType(Json.java:55)
... 42 more
]]>
    </error>
  </testcase> <!-- setup -->
  <system-out/>
  <testcase classname="test.four" name="testfour" time="0.000">
    <skipped/>
  </testcase> <!-- testfour -->
  <system-out/>
</testsuite> <!-- test.four -->
