<?xml version="1.0" encoding="UTF-8"?>
<!-- Generated by org.testng.reporters.JUnitReportReporter -->
<testsuite hostname="XSC-10261-RAJESHWARI" failures="0" tests="4" name="testcase.NctRegistration" time="0.000" errors="0" timestamp="2023-02-10T09:47:40 IST" skipped="4">
  <testcase classname="testcase.NctRegistration" name="Nct" time="0.000">
    <skipped/>
  </testcase> <!-- Nct -->
  <system-out/>
  <testcase classname="testcase.NctRegistration" name="registration" time="0.000">
    <skipped/>
  </testcase> <!-- registration -->
  <system-out/>
  <testcase classname="testcase.NctRegistration" name="addNewMembers" time="0.000">
    <skipped/>
  </testcase> <!-- addNewMembers -->
  <system-out/>
  <testcase classname="testcase.NctRegistration" name="addMembers" time="0.000">
    <skipped/>
  </testcase> <!-- addMembers -->
  <system-out/>
</testsuite> <!-- testcase.NctRegistration -->
