<?xml version="1.0" encoding="UTF-8"?>
<!-- Generated by org.testng.reporters.JUnitReportReporter -->
<testsuite hostname="XSC-10261-RAJESHWARI" failures="0" tests="9" name="testcase.MyTeam" time="140.678" errors="0" timestamp="2022-12-19T12:08:57 IST" skipped="0">
  <testcase classname="testcase.MyTeam" name="homemenu" time="2.183"/>
  <system-out/>
  <testcase classname="testcase.MyTeam" name="RegisterTeam" time="2.332"/>
  <system-out/>
  <testcase classname="testcase.MyTeam" name="RegisterNow" time="9.749"/>
  <system-out/>
  <testcase classname="testcase.MyTeam" name="TeamRegistration" time="52.668"/>
  <system-out/>
  <testcase classname="testcase.MyTeam" name="addNewMember" time="4.157"/>
  <system-out/>
  <testcase classname="testcase.MyTeam" name="memberDetail1" time="19.720"/>
  <system-out/>
  <testcase classname="testcase.MyTeam" name="paymentMethod" time="3.099"/>
  <system-out/>
  <testcase classname="testcase.MyTeam" name="reg" time="13.401"/>
  <system-out/>
  <testcase classname="testcase.MyTeam" name="PaymentPage" time="33.369"/>
  <system-out/>
</testsuite> <!-- testcase.MyTeam -->
