<?xml version="1.0" encoding="UTF-8"?>
<!-- Generated by org.testng.reporters.JUnitReportReporter -->
<testsuite hostname="XSC-10261-RAJESHWARI" failures="0" tests="2" name="testcase.HomeMenu" time="0.000" errors="0" timestamp="2022-12-23T12:16:31 IST" skipped="2">
  <testcase classname="testcase.HomeMenu" name="home" time="0.000">
    <skipped/>
  </testcase> <!-- home -->
  <system-out/>
  <testcase classname="testcase.HomeMenu" name="MyTeam" time="0.000">
    <skipped/>
  </testcase> <!-- MyTeam -->
  <system-out/>
</testsuite> <!-- testcase.HomeMenu -->
