<?xml version="1.0" encoding="UTF-8"?>
<!-- Generated by org.testng.reporters.JUnitReportReporter -->
<testsuite hostname="XSC-10261-RAJESHWARI" failures="0" tests="2" name="testNGFrameworks.AnnoatationsHierarichy" time="0.024" errors="0" timestamp="2023-06-19T15:39:26 IST" skipped="0">
  <testcase classname="testNGFrameworks.AnnoatationsHierarichy" name="Test1" time="0.007"/>
  <system-out/>
  <testcase classname="testNGFrameworks.AnnoatationsHierarichy" name="Test" time="0.017"/>
  <system-out/>
</testsuite> <!-- testNGFrameworks.AnnoatationsHierarichy -->
