<?xml version="1.0" encoding="UTF-8"?>
<!-- Generated by org.testng.reporters.JUnitReportReporter -->
<testsuite hostname="XSC-10261-RAJESHWARI" failures="0" tests="3" name="testNGFrameworks.DependiesManagement" time="0.051" errors="0" timestamp="2023-07-01T18:34:21 IST" skipped="0">
  <testcase classname="testNGFrameworks.DependiesManagement" name="HighSchool" time="0.042"/>
  <testcase classname="testNGFrameworks.DependiesManagement" name="Degree" time="0.005"/>
  <testcase classname="testNGFrameworks.DependiesManagement" name="HigherSecondary" time="0.004"/>
</testsuite> <!-- testNGFrameworks.DependiesManagement -->
