<?xml version="1.0" encoding="UTF-8"?>
<!-- Generated by org.testng.reporters.JUnitReportReporter -->
<testsuite hostname="XSC-10261" failures="0" tests="4" name="testNGFrameworks.Drivecar" time="0.016" errors="0" timestamp="2022-02-14T11:36:14 IST" skipped="0">
  <testcase classname="testNGFrameworks.Drivecar" name="putSecondGeer" time="0.009"/>
  <system-out/>
  <testcase classname="testNGFrameworks.Drivecar" name="putfisrtGear" time="0.003"/>
  <system-out/>
  <testcase classname="testNGFrameworks.Drivecar" name="startThecar" time="0.003"/>
  <system-out/>
  <testcase classname="testNGFrameworks.Drivecar" name="putThirdGear" time="0.001"/>
  <system-out/>
</testsuite> <!-- testNGFrameworks.Drivecar -->
