<?xml version="1.0" encoding="UTF-8"?>
<!-- Generated by org.testng.reporters.JUnitReportReporter -->
<testsuite hostname="XSC-10261-RAJESHWARI" failures="0" tests="4" name="testNGFrameworks.GroupingExample" time="0.039" errors="0" timestamp="2023-07-21T18:37:38 IST" skipped="0">
  <testcase classname="testNGFrameworks.GroupingExample" name="moto1" time="0.006"/>
  <testcase classname="testNGFrameworks.GroupingExample" name="vivo1" time="0.005"/>
  <testcase classname="testNGFrameworks.GroupingExample" name="moto" time="0.022"/>
  <testcase classname="testNGFrameworks.GroupingExample" name="vivo" time="0.006"/>
</testsuite> <!-- testNGFrameworks.GroupingExample -->
