<?xml version="1.0" encoding="UTF-8"?>
<!-- Generated by org.testng.reporters.JUnitReportReporter -->
<testsuite hostname="XSC-10261" failures="0" tests="1" name="testNGFrameworks.Assertionsusingbrowserstack" time="9.007" errors="0" timestamp="2022-07-25T15:27:27 IST" skipped="0">
  <testcase classname="testNGFrameworks.Assertionsusingbrowserstack" name="testAssertFunctions" time="9.007"/>
  <system-out/>
</testsuite> <!-- testNGFrameworks.Assertionsusingbrowserstack -->
