<?xml version="1.0" encoding="UTF-8"?>
<!-- Generated by org.testng.reporters.JUnitReportReporter -->
<testsuite hostname="XSC-10261-RAJESHWARI" failures="0" tests="13" name="testNGFrameworks.TestngSample" time="0.038" errors="0" timestamp="2023-06-09T09:23:16 IST" skipped="0">
  <testcase classname="testNGFrameworks.TestngSample" name="firstsample" time="0.012"/>
  <system-out/>
  <testcase classname="testNGFrameworks.TestngSample" name="secondsample" time="0.005"/>
  <system-out/>
  <testcase classname="testNGFrameworks.TestngSample" name="thirdsample" time="0.003"/>
  <system-out/>
  <testcase classname="testNGFrameworks.TestngSample" name="fourthsample" time="0.002"/>
  <system-out/>
  <testcase classname="testNGFrameworks.TestngSample" name="fourthsample" time="0.002"/>
  <system-out/>
  <testcase classname="testNGFrameworks.TestngSample" name="fourthsample" time="0.001"/>
  <system-out/>
  <testcase classname="testNGFrameworks.TestngSample" name="fourthsample" time="0.002"/>
  <system-out/>
  <testcase classname="testNGFrameworks.TestngSample" name="fourthsample" time="0.001"/>
  <system-out/>
  <testcase classname="testNGFrameworks.TestngSample" name="fourthsample" time="0.002"/>
  <system-out/>
  <testcase classname="testNGFrameworks.TestngSample" name="fourthsample" time="0.002"/>
  <system-out/>
  <testcase classname="testNGFrameworks.TestngSample" name="fourthsample" time="0.002"/>
  <system-out/>
  <testcase classname="testNGFrameworks.TestngSample" name="fourthsample" time="0.003"/>
  <system-out/>
  <testcase classname="testNGFrameworks.TestngSample" name="fourthsample" time="0.001"/>
  <system-out/>
</testsuite> <!-- testNGFrameworks.TestngSample -->
