<?xml version="1.0" encoding="UTF-8"?>
<!-- Generated by org.testng.reporters.JUnitReportReporter -->
<testsuite hostname="XSC-10261-RAJESHWARI" failures="0" tests="5" name="testNGFrameworks.SkipAtestcase" time="0.021" errors="0" timestamp="2023-06-09T15:27:06 IST" skipped="1">
  <testcase classname="testNGFrameworks.SkipAtestcase" name="startThecar" time="0.014"/>
  <system-out/>
  <testcase classname="testNGFrameworks.SkipAtestcase" name="putfisrtGear" time="0.003"/>
  <system-out/>
  <testcase classname="testNGFrameworks.SkipAtestcase" name="putSecondGeer" time="0.002"/>
  <system-out/>
  <testcase classname="testNGFrameworks.SkipAtestcase" name="putThirdGear" time="0.002"/>
  <system-out/>
  <testcase classname="testNGFrameworks.SkipAtestcase" name="turnonmusic">
    <skipped/>
  </testcase> <!-- turnonmusic -->
  <system-out/>
</testsuite> <!-- testNGFrameworks.SkipAtestcase -->
