<?xml version="1.0" encoding="UTF-8"?>
<!-- Generated by org.testng.reporters.JUnitReportReporter -->
<testsuite hostname="XSC-10261" failures="0" tests="1" name="testNGFrameworks.Links" time="11.382" errors="0" timestamp="2022-02-17T18:20:35 IST" skipped="0">
  <testcase classname="testNGFrameworks.Links" name="linksCount" time="11.382"/>
  <system-out/>
</testsuite> <!-- testNGFrameworks.Links -->
