<?xml version="1.0" encoding="UTF-8"?>
<!-- Generated by org.testng.reporters.JUnitReportReporter -->
<testsuite hostname="XSC-10261-RAJESHWARI" failures="0" tests="1" name="testNGFrameworks.ParameterizationExample" time="0.044" errors="0" timestamp="2023-07-21T18:20:23 IST" skipped="0">
  <testcase classname="testNGFrameworks.ParameterizationExample" name="printname" time="0.044"/>
</testsuite> <!-- testNGFrameworks.ParameterizationExample -->
