<?xml version="1.0" encoding="UTF-8"?>
<!-- Generated by org.testng.reporters.JUnitReportReporter -->
<testsuite hostname="XSC-10261-RAJESHWARI" failures="0" tests="1" name="testNGFrameworks.AssertionsExample" time="0.018" errors="0" timestamp="2023-06-19T15:38:52 IST" skipped="0">
  <testcase classname="testNGFrameworks.AssertionsExample" name="checkEqual" time="0.018"/>
  <system-out/>
</testsuite> <!-- testNGFrameworks.AssertionsExample -->
