<?xml version="1.0" encoding="UTF-8"?>
<!-- Generated by org.testng.reporters.JUnitReportReporter -->
<testsuite hostname="XSC-10261" failures="0" tests="3" name="testNGFrameworks.SuiteExample" time="4.413" errors="0" timestamp="2022-02-26T13:31:04 IST" skipped="0">
  <testcase classname="testNGFrameworks.SuiteExample" name="OpenChrome" time="1.598"/>
  <system-out/>
  <testcase classname="testNGFrameworks.SuiteExample" name="OpenBing" time="2.045"/>
  <system-out/>
  <testcase classname="testNGFrameworks.SuiteExample" name="OpenYahoo" time="0.770"/>
  <system-out/>
</testsuite> <!-- testNGFrameworks.SuiteExample -->
