<?xml version="1.0" encoding="UTF-8"?>
<!-- Generated by org.testng.reporters.JUnitReportReporter -->
<testsuite hostname="XSC-10261-RAJESHWARI" failures="0" tests="1" name="automationFrameworks.Actionsclass" time="20.456" errors="0" timestamp="2024-06-27T16:09:34 IST" skipped="0">
  <testcase classname="automationFrameworks.Actionsclass" name="actions" time="20.456"/>
</testsuite> <!-- automationFrameworks.Actionsclass -->
