<?xml version="1.0" encoding="UTF-8"?>
<!-- Generated by org.testng.reporters.JUnitReportReporter -->
<testsuite hostname="XSC-10261-RAJESHWARI" failures="0" tests="1" name="testversion.ChromeVErsion" time="20.726" errors="0" timestamp="2024-06-17T10:36:44 IST" skipped="0">
  <testcase classname="testversion.ChromeVErsion" name="test" time="20.726"/>
</testsuite> <!-- testversion.ChromeVErsion -->
