<?xml version="1.0" encoding="UTF-8"?>
<!-- Generated by org.testng.reporters.JUnitReportReporter -->
<testsuite hostname="XSC-10261-RAJESHWARI" failures="0" tests="1" name="Test.Home" time="8.519" errors="0" timestamp="2023-02-15T16:43:31 IST" skipped="0">
  <testcase classname="Test.Home" name="homePage" time="8.519"/>
  <system-out/>
</testsuite> <!-- Test.Home -->
