<?xml version="1.0" encoding="UTF-8"?>
<!-- Generated by org.testng.reporters.JUnitReportReporter -->
<testsuite hostname="XSC-10261" failures="0" tests="4" name="tests.About" time="4.385" errors="0" timestamp="2022-04-09T13:31:24 IST" skipped="0">
  <testcase classname="tests.About" name="about" time="1.339"/>
  <system-out/>
  <testcase classname="tests.About" name="info" time="1.561"/>
  <system-out/>
  <testcase classname="tests.About" name="admins" time="0.679"/>
  <system-out/>
  <testcase classname="tests.About" name="aboutUs" time="0.806"/>
  <system-out/>
</testsuite> <!-- tests.About -->
