<?xml version="1.0" encoding="UTF-8"?>
<!-- Generated by org.testng.reporters.JUnitReportReporter -->
<testsuite hostname="XSC-10261" failures="0" tests="10" name="tests.Settings" time="44.309" errors="0" timestamp="2022-04-09T13:31:24 IST" skipped="0">
  <testcase classname="tests.Settings" name="appiumSetup" time="7.569"/>
  <system-out/>
  <testcase classname="tests.Settings" name="profile" time="8.310"/>
  <system-out/>
  <testcase classname="tests.Settings" name="viewfullcareer" time="1.015"/>
  <system-out/>
  <testcase classname="tests.Settings" name="playerinsight" time="3.617"/>
  <system-out/>
  <testcase classname="tests.Settings" name="mymatches" time="4.166"/>
  <system-out/>
  <testcase classname="tests.Settings" name="mytournament" time="4.373"/>
  <system-out/>
  <testcase classname="tests.Settings" name="myteams" time="0.917"/>
  <system-out/>
  <testcase classname="tests.Settings" name="mytimeline" time="6.328"/>
  <system-out/>
  <testcase classname="tests.Settings" name="myrequests" time="2.512"/>
  <system-out/>
  <testcase classname="tests.Settings" name="changepin" time="5.502"/>
  <system-out/>
</testsuite> <!-- tests.Settings -->
