<?xml version="1.0" encoding="UTF-8"?>
<!-- Generated by org.testng.reporters.JUnitReportReporter -->
<testsuite hostname="XSC-10261" failures="0" tests="1" name="tests.InviteAndEarn" time="3.050" errors="0" timestamp="2022-04-09T13:31:24 IST" skipped="0">
  <testcase classname="tests.InviteAndEarn" name="inviteAndEarn" time="3.050"/>
  <system-out/>
</testsuite> <!-- tests.InviteAndEarn -->
