<?xml version="1.0" encoding="UTF-8"?>
<!-- Generated by org.testng.reporters.JUnitReportReporter -->
<testsuite hostname="XSC-10261" failures="0" tests="2" name="tests.LoginTest" time="14.069" errors="0" timestamp="2022-04-09T13:31:24 IST" skipped="0">
  <testcase classname="tests.LoginTest" name="logOutTest" time="5.553"/>
  <system-out/>
  <testcase classname="tests.LoginTest" name="logInWithOtp" time="8.516"/>
  <system-out/>
</testsuite> <!-- tests.LoginTest -->
