<?xml version="1.0" encoding="UTF-8"?>
<!-- Generated by org.testng.reporters.JUnitReportReporter -->
<testsuite hostname="XSC-10261-RAJESHWARI" failures="0" tests="1" name="practiceSelenium.TestChromeVersion" time="36.209" errors="0" timestamp="2024-06-06T15:42:31 IST" skipped="0">
  <testcase classname="practiceSelenium.TestChromeVersion" name="test" time="36.209"/>
</testsuite> <!-- practiceSelenium.TestChromeVersion -->
